{"C:\\Trabalho\\Pes\\BootCamp\\V2\\Mobile\\appgobarber\\src\\components\\Button\\index.tsx": {"path":"C:\\Trabalho\\Pes\\BootCamp\\V2\\Mobile\\appgobarber\\src\\components\\Button\\index.tsx","statementMap":{"0":{"start":{"line":11,"column":37},"end":{"line":15,"column":1}},"1":{"start":{"line":12,"column":1},"end":{"line":14,"column":13}}},"fnMap":{"0":{"name":"(anonymous_0)","decl":{"start":{"line":11,"column":37},"end":{"line":11,"column":38}},"loc":{"start":{"line":12,"column":1},"end":{"line":14,"column":13}},"line":12}},"branchMap":{},"s":{"0":1,"1":1},"f":{"0":1},"b":{},"_coverageSchema":"43e27e138ebf9cfc5966b082cf9a028302ed4184","hash":"8c9528fcc688e702652c442a5131a00ebabfbca9"}
,"C:\\Trabalho\\Pes\\BootCamp\\V2\\Mobile\\appgobarber\\src\\components\\Input\\index.tsx": {"path":"C:\\Trabalho\\Pes\\BootCamp\\V2\\Mobile\\appgobarber\\src\\components\\Input\\index.tsx","statementMap":{"0":{"start":{"line":28,"column":66},"end":{"line":91,"column":1}},"1":{"start":{"line":32,"column":25},"end":{"line":32,"column":42}},"2":{"start":{"line":34,"column":64},"end":{"line":34,"column":78}},"3":{"start":{"line":35,"column":23},"end":{"line":35,"column":76}},"4":{"start":{"line":37,"column":35},"end":{"line":37,"column":50}},"5":{"start":{"line":38,"column":33},"end":{"line":38,"column":48}},"6":{"start":{"line":40,"column":26},"end":{"line":42,"column":6}},"7":{"start":{"line":41,"column":2},"end":{"line":41,"column":21}},"8":{"start":{"line":44,"column":25},"end":{"line":49,"column":6}},"9":{"start":{"line":45,"column":2},"end":{"line":45,"column":22}},"10":{"start":{"line":47,"column":2},"end":{"line":47,"column":45}},"11":{"start":{"line":51,"column":1},"end":{"line":55,"column":5}},"12":{"start":{"line":51,"column":33},"end":{"line":55,"column":2}},"13":{"start":{"line":53,"column":3},"end":{"line":53,"column":35}},"14":{"start":{"line":57,"column":1},"end":{"line":71,"column":33}},"15":{"start":{"line":58,"column":2},"end":{"line":70,"column":5}},"16":{"start":{"line":63,"column":4},"end":{"line":63,"column":40}},"17":{"start":{"line":64,"column":4},"end":{"line":64,"column":61}},"18":{"start":{"line":67,"column":4},"end":{"line":67,"column":37}},"19":{"start":{"line":68,"column":4},"end":{"line":68,"column":36}},"20":{"start":{"line":73,"column":1},"end":{"line":90,"column":3}},"21":{"start":{"line":85,"column":4},"end":{"line":85,"column":40}}},"fnMap":{"0":{"name":"(anonymous_0)","decl":{"start":{"line":28,"column":66},"end":{"line":28,"column":67}},"loc":{"start":{"line":31,"column":6},"end":{"line":91,"column":1}},"line":31},"1":{"name":"(anonymous_1)","decl":{"start":{"line":40,"column":38},"end":{"line":40,"column":39}},"loc":{"start":{"line":40,"column":44},"end":{"line":42,"column":2}},"line":40},"2":{"name":"(anonymous_2)","decl":{"start":{"line":44,"column":37},"end":{"line":44,"column":38}},"loc":{"start":{"line":44,"column":43},"end":{"line":49,"column":2}},"line":44},"3":{"name":"(anonymous_3)","decl":{"start":{"line":51,"column":26},"end":{"line":51,"column":27}},"loc":{"start":{"line":51,"column":33},"end":{"line":55,"column":2}},"line":51},"4":{"name":"(anonymous_4)","decl":{"start":{"line":52,"column":2},"end":{"line":52,"column":3}},"loc":{"start":{"line":52,"column":10},"end":{"line":54,"column":3}},"line":52},"5":{"name":"(anonymous_5)","decl":{"start":{"line":57,"column":11},"end":{"line":57,"column":12}},"loc":{"start":{"line":57,"column":17},"end":{"line":71,"column":2}},"line":57},"6":{"name":"(anonymous_6)","decl":{"start":{"line":62,"column":3},"end":{"line":62,"column":4}},"loc":{"start":{"line":62,"column":29},"end":{"line":65,"column":4}},"line":62},"7":{"name":"(anonymous_7)","decl":{"start":{"line":66,"column":3},"end":{"line":66,"column":4}},"loc":{"start":{"line":66,"column":16},"end":{"line":69,"column":4}},"line":66},"8":{"name":"(anonymous_8)","decl":{"start":{"line":84,"column":17},"end":{"line":84,"column":18}},"loc":{"start":{"line":84,"column":28},"end":{"line":86,"column":4}},"line":84}},"branchMap":{"0":{"loc":{"start":{"line":29,"column":15},"end":{"line":29,"column":34}},"type":"default-arg","locations":[{"start":{"line":29,"column":32},"end":{"line":29,"column":34}}],"line":29},"1":{"loc":{"start":{"line":34,"column":24},"end":{"line":34,"column":41}},"type":"default-arg","locations":[{"start":{"line":34,"column":39},"end":{"line":34,"column":41}}],"line":34},"2":{"loc":{"start":{"line":75,"column":37},"end":{"line":75,"column":82}},"type":"cond-expr","locations":[{"start":{"line":75,"column":61},"end":{"line":75,"column":70}},{"start":{"line":75,"column":73},"end":{"line":75,"column":82}}],"line":75},"3":{"loc":{"start":{"line":75,"column":37},"end":{"line":75,"column":58}},"type":"binary-expr","locations":[{"start":{"line":75,"column":37},"end":{"line":75,"column":46}},{"start":{"line":75,"column":50},"end":{"line":75,"column":58}}],"line":75}},"s":{"0":1,"1":2,"2":2,"3":2,"4":2,"5":2,"6":2,"7":0,"8":2,"9":0,"10":0,"11":2,"12":1,"13":0,"14":2,"15":2,"16":0,"17":0,"18":0,"19":0,"20":2,"21":0},"f":{"0":2,"1":0,"2":0,"3":1,"4":0,"5":2,"6":0,"7":0,"8":0},"b":{"0":[2],"1":[2],"2":[0,2],"3":[2,2]},"_coverageSchema":"43e27e138ebf9cfc5966b082cf9a028302ed4184","hash":"d050d758805f74ec6c0f493659b1c2dedf2e985a"}
,"C:\\Trabalho\\Pes\\BootCamp\\V2\\Mobile\\appgobarber\\src\\context\\AuthContext.tsx": {"path":"C:\\Trabalho\\Pes\\BootCamp\\V2\\Mobile\\appgobarber\\src\\context\\AuthContext.tsx","statementMap":{"0":{"start":{"line":37,"column":20},"end":{"line":37,"column":73}},"1":{"start":{"line":39,"column":31},"end":{"line":110,"column":1}},"2":{"start":{"line":40,"column":25},"end":{"line":40,"column":61}},"3":{"start":{"line":41,"column":31},"end":{"line":41,"column":45}},"4":{"start":{"line":43,"column":1},"end":{"line":62,"column":8}},"5":{"start":{"line":46,"column":25},"end":{"line":49,"column":5}},"6":{"start":{"line":51,"column":3},"end":{"line":55,"column":4}},"7":{"start":{"line":52,"column":4},"end":{"line":52,"column":62}},"8":{"start":{"line":54,"column":4},"end":{"line":54,"column":59}},"9":{"start":{"line":57,"column":3},"end":{"line":57,"column":21}},"10":{"start":{"line":60,"column":2},"end":{"line":60,"column":20}},"11":{"start":{"line":64,"column":16},"end":{"line":80,"column":6}},"12":{"start":{"line":65,"column":19},"end":{"line":68,"column":4}},"13":{"start":{"line":70,"column":26},"end":{"line":70,"column":39}},"14":{"start":{"line":72,"column":2},"end":{"line":75,"column":6}},"15":{"start":{"line":77,"column":3},"end":{"line":77,"column":58}},"16":{"start":{"line":79,"column":2},"end":{"line":79,"column":27}},"17":{"start":{"line":83,"column":17},"end":{"line":92,"column":7}},"18":{"start":{"line":84,"column":2},"end":{"line":87,"column":5}},"19":{"start":{"line":89,"column":2},"end":{"line":89,"column":50}},"20":{"start":{"line":91,"column":2},"end":{"line":91,"column":27}},"21":{"start":{"line":94,"column":20},"end":{"line":102,"column":27}},"22":{"start":{"line":96,"column":3},"end":{"line":96,"column":70}},"23":{"start":{"line":98,"column":3},"end":{"line":101,"column":5}},"24":{"start":{"line":104,"column":1},"end":{"line":109,"column":3}},"25":{"start":{"line":113,"column":17},"end":{"line":113,"column":40}},"26":{"start":{"line":115,"column":1},"end":{"line":117,"column":2}},"27":{"start":{"line":116,"column":2},"end":{"line":116,"column":64}},"28":{"start":{"line":119,"column":1},"end":{"line":119,"column":16}}},"fnMap":{"0":{"name":"(anonymous_0)","decl":{"start":{"line":39,"column":31},"end":{"line":39,"column":32}},"loc":{"start":{"line":39,"column":50},"end":{"line":110,"column":1}},"line":39},"1":{"name":"(anonymous_1)","decl":{"start":{"line":43,"column":11},"end":{"line":43,"column":12}},"loc":{"start":{"line":43,"column":17},"end":{"line":62,"column":2}},"line":43},"2":{"name":"loadStorageData","decl":{"start":{"line":44,"column":17},"end":{"line":44,"column":32}},"loc":{"start":{"line":44,"column":50},"end":{"line":58,"column":3}},"line":44},"3":{"name":"(anonymous_3)","decl":{"start":{"line":64,"column":28},"end":{"line":64,"column":29}},"loc":{"start":{"line":64,"column":59},"end":{"line":80,"column":2}},"line":64},"4":{"name":"(anonymous_4)","decl":{"start":{"line":83,"column":29},"end":{"line":83,"column":30}},"loc":{"start":{"line":83,"column":41},"end":{"line":92,"column":2}},"line":83},"5":{"name":"(anonymous_5)","decl":{"start":{"line":95,"column":2},"end":{"line":95,"column":3}},"loc":{"start":{"line":95,"column":24},"end":{"line":102,"column":3}},"line":95},"6":{"name":"useAuth","decl":{"start":{"line":112,"column":9},"end":{"line":112,"column":16}},"loc":{"start":{"line":112,"column":36},"end":{"line":120,"column":1}},"line":112}},"branchMap":{"0":{"loc":{"start":{"line":51,"column":3},"end":{"line":55,"column":4}},"type":"if","locations":[{"start":{"line":51,"column":3},"end":{"line":55,"column":4}},{"start":{"line":51,"column":3},"end":{"line":55,"column":4}}],"line":51},"1":{"loc":{"start":{"line":51,"column":7},"end":{"line":51,"column":26}},"type":"binary-expr","locations":[{"start":{"line":51,"column":7},"end":{"line":51,"column":15}},{"start":{"line":51,"column":19},"end":{"line":51,"column":26}}],"line":51},"2":{"loc":{"start":{"line":115,"column":1},"end":{"line":117,"column":2}},"type":"if","locations":[{"start":{"line":115,"column":1},"end":{"line":117,"column":2}},{"start":{"line":115,"column":1},"end":{"line":117,"column":2}}],"line":115}},"s":{"0":1,"1":1,"2":0,"3":0,"4":0,"5":0,"6":0,"7":0,"8":0,"9":0,"10":0,"11":0,"12":0,"13":0,"14":0,"15":0,"16":0,"17":0,"18":0,"19":0,"20":0,"21":0,"22":0,"23":0,"24":0,"25":1,"26":1,"27":0,"28":1},"f":{"0":0,"1":0,"2":0,"3":0,"4":0,"5":0,"6":1},"b":{"0":[0,0],"1":[0,0],"2":[0,1]},"_coverageSchema":"43e27e138ebf9cfc5966b082cf9a028302ed4184","hash":"ad93a87fe3254d02903336e4ff5084c21568c92c"}
,"C:\\Trabalho\\Pes\\BootCamp\\V2\\Mobile\\appgobarber\\src\\context\\ToastContext.tsx": {"path":"C:\\Trabalho\\Pes\\BootCamp\\V2\\Mobile\\appgobarber\\src\\context\\ToastContext.tsx","statementMap":{"0":{"start":{"line":17,"column":21},"end":{"line":17,"column":76}},"1":{"start":{"line":19,"column":32},"end":{"line":47,"column":1}},"2":{"start":{"line":20,"column":33},"end":{"line":20,"column":61}},"3":{"start":{"line":22,"column":18},"end":{"line":35,"column":2}},"4":{"start":{"line":23,"column":13},"end":{"line":23,"column":19}},"5":{"start":{"line":25,"column":16},"end":{"line":30,"column":3}},"6":{"start":{"line":32,"column":2},"end":{"line":32,"column":57}},"7":{"start":{"line":32,"column":31},"end":{"line":32,"column":55}},"8":{"start":{"line":37,"column":21},"end":{"line":39,"column":7}},"9":{"start":{"line":38,"column":2},"end":{"line":38,"column":79}},"10":{"start":{"line":38,"column":29},"end":{"line":38,"column":77}},"11":{"start":{"line":38,"column":59},"end":{"line":38,"column":76}},"12":{"start":{"line":41,"column":1},"end":{"line":46,"column":3}},"13":{"start":{"line":50,"column":17},"end":{"line":50,"column":41}},"14":{"start":{"line":52,"column":1},"end":{"line":54,"column":2}},"15":{"start":{"line":53,"column":2},"end":{"line":53,"column":74}},"16":{"start":{"line":56,"column":1},"end":{"line":56,"column":16}}},"fnMap":{"0":{"name":"(anonymous_0)","decl":{"start":{"line":19,"column":32},"end":{"line":19,"column":33}},"loc":{"start":{"line":19,"column":50},"end":{"line":47,"column":1}},"line":19},"1":{"name":"(anonymous_1)","decl":{"start":{"line":22,"column":30},"end":{"line":22,"column":31}},"loc":{"start":{"line":22,"column":90},"end":{"line":33,"column":2}},"line":22},"2":{"name":"(anonymous_2)","decl":{"start":{"line":32,"column":14},"end":{"line":32,"column":15}},"loc":{"start":{"line":32,"column":31},"end":{"line":32,"column":55}},"line":32},"3":{"name":"(anonymous_3)","decl":{"start":{"line":37,"column":33},"end":{"line":37,"column":34}},"loc":{"start":{"line":37,"column":49},"end":{"line":39,"column":2}},"line":37},"4":{"name":"(anonymous_4)","decl":{"start":{"line":38,"column":14},"end":{"line":38,"column":15}},"loc":{"start":{"line":38,"column":29},"end":{"line":38,"column":77}},"line":38},"5":{"name":"(anonymous_5)","decl":{"start":{"line":38,"column":48},"end":{"line":38,"column":49}},"loc":{"start":{"line":38,"column":59},"end":{"line":38,"column":76}},"line":38},"6":{"name":"useToast","decl":{"start":{"line":49,"column":9},"end":{"line":49,"column":17}},"loc":{"start":{"line":49,"column":38},"end":{"line":57,"column":1}},"line":49}},"branchMap":{"0":{"loc":{"start":{"line":52,"column":1},"end":{"line":54,"column":2}},"type":"if","locations":[{"start":{"line":52,"column":1},"end":{"line":54,"column":2}},{"start":{"line":52,"column":1},"end":{"line":54,"column":2}}],"line":52}},"s":{"0":0,"1":0,"2":0,"3":0,"4":0,"5":0,"6":0,"7":0,"8":0,"9":0,"10":0,"11":0,"12":0,"13":0,"14":0,"15":0,"16":0},"f":{"0":0,"1":0,"2":0,"3":0,"4":0,"5":0,"6":0},"b":{"0":[0,0]},"hash":"c3b7863ca4abdbb7ccda8323a606d91f7bbc0178"}
,"C:\\Trabalho\\Pes\\BootCamp\\V2\\Mobile\\appgobarber\\src\\pages\\AppointmentCreated\\index.tsx": {"path":"C:\\Trabalho\\Pes\\BootCamp\\V2\\Mobile\\appgobarber\\src\\pages\\AppointmentCreated\\index.tsx","statementMap":{"0":{"start":{"line":21,"column":37},"end":{"line":55,"column":1}},"1":{"start":{"line":22,"column":19},"end":{"line":22,"column":34}},"2":{"start":{"line":23,"column":20},"end":{"line":23,"column":30}},"3":{"start":{"line":25,"column":21},"end":{"line":25,"column":42}},"4":{"start":{"line":27,"column":25},"end":{"line":34,"column":12}},"5":{"start":{"line":28,"column":2},"end":{"line":33,"column":5}},"6":{"start":{"line":36,"column":23},"end":{"line":41,"column":23}},"7":{"start":{"line":37,"column":2},"end":{"line":40,"column":19}},"8":{"start":{"line":43,"column":1},"end":{"line":54,"column":3}}},"fnMap":{"0":{"name":"(anonymous_0)","decl":{"start":{"line":21,"column":37},"end":{"line":21,"column":38}},"loc":{"start":{"line":21,"column":43},"end":{"line":55,"column":1}},"line":21},"1":{"name":"(anonymous_1)","decl":{"start":{"line":27,"column":37},"end":{"line":27,"column":38}},"loc":{"start":{"line":27,"column":43},"end":{"line":34,"column":2}},"line":27},"2":{"name":"(anonymous_2)","decl":{"start":{"line":36,"column":31},"end":{"line":36,"column":32}},"loc":{"start":{"line":36,"column":37},"end":{"line":41,"column":2}},"line":36}},"branchMap":{},"s":{"0":0,"1":0,"2":0,"3":0,"4":0,"5":0,"6":0,"7":0,"8":0},"f":{"0":0,"1":0,"2":0},"b":{},"hash":"d861037ae8e4d53ce845953faa4abc13671face8"}
,"C:\\Trabalho\\Pes\\BootCamp\\V2\\Mobile\\appgobarber\\src\\pages\\CreateAppointment\\index.tsx": {"path":"C:\\Trabalho\\Pes\\BootCamp\\V2\\Mobile\\appgobarber\\src\\pages\\CreateAppointment\\index.tsx","statementMap":{"0":{"start":{"line":50,"column":36},"end":{"line":269,"column":1}},"1":{"start":{"line":51,"column":18},"end":{"line":51,"column":27}},"2":{"start":{"line":52,"column":15},"end":{"line":52,"column":25}},"3":{"start":{"line":53,"column":30},"end":{"line":53,"column":45}},"4":{"start":{"line":55,"column":21},"end":{"line":55,"column":49}},"5":{"start":{"line":57,"column":41},"end":{"line":57,"column":73}},"6":{"start":{"line":58,"column":45},"end":{"line":58,"column":60}},"7":{"start":{"line":59,"column":41},"end":{"line":59,"column":61}},"8":{"start":{"line":60,"column":41},"end":{"line":60,"column":52}},"9":{"start":{"line":61,"column":35},"end":{"line":61,"column":60}},"10":{"start":{"line":62,"column":49},"end":{"line":62,"column":81}},"11":{"start":{"line":64,"column":1},"end":{"line":68,"column":8}},"12":{"start":{"line":65,"column":2},"end":{"line":67,"column":5}},"13":{"start":{"line":66,"column":3},"end":{"line":66,"column":31}},"14":{"start":{"line":70,"column":1},"end":{"line":80,"column":38}},"15":{"start":{"line":71,"column":2},"end":{"line":79,"column":5}},"16":{"start":{"line":78,"column":3},"end":{"line":78,"column":34}},"17":{"start":{"line":82,"column":22},"end":{"line":84,"column":13}},"18":{"start":{"line":83,"column":2},"end":{"line":83,"column":11}},"19":{"start":{"line":86,"column":30},"end":{"line":88,"column":6}},"20":{"start":{"line":87,"column":2},"end":{"line":87,"column":34}},"21":{"start":{"line":90,"column":33},"end":{"line":92,"column":6}},"22":{"start":{"line":91,"column":2},"end":{"line":91,"column":39}},"23":{"start":{"line":91,"column":31},"end":{"line":91,"column":37}},"24":{"start":{"line":94,"column":26},"end":{"line":105,"column":2}},"25":{"start":{"line":96,"column":2},"end":{"line":98,"column":3}},"26":{"start":{"line":97,"column":3},"end":{"line":97,"column":28}},"27":{"start":{"line":100,"column":2},"end":{"line":102,"column":3}},"28":{"start":{"line":101,"column":3},"end":{"line":101,"column":24}},"29":{"start":{"line":107,"column":26},"end":{"line":109,"column":7}},"30":{"start":{"line":108,"column":2},"end":{"line":108,"column":25}},"31":{"start":{"line":111,"column":33},"end":{"line":132,"column":60}},"32":{"start":{"line":112,"column":2},"end":{"line":131,"column":3}},"33":{"start":{"line":113,"column":16},"end":{"line":113,"column":38}},"34":{"start":{"line":115,"column":3},"end":{"line":115,"column":31}},"35":{"start":{"line":116,"column":3},"end":{"line":116,"column":22}},"36":{"start":{"line":117,"column":3},"end":{"line":117,"column":21}},"37":{"start":{"line":119,"column":3},"end":{"line":122,"column":6}},"38":{"start":{"line":124,"column":3},"end":{"line":124,"column":60}},"39":{"start":{"line":127,"column":3},"end":{"line":130,"column":5}},"40":{"start":{"line":134,"column":29},"end":{"line":145,"column":2}},"41":{"start":{"line":135,"column":2},"end":{"line":143,"column":5}},"42":{"start":{"line":136,"column":25},"end":{"line":136,"column":34}},"43":{"start":{"line":138,"column":3},"end":{"line":142,"column":5}},"44":{"start":{"line":147,"column":31},"end":{"line":158,"column":2}},"45":{"start":{"line":148,"column":2},"end":{"line":156,"column":5}},"46":{"start":{"line":149,"column":25},"end":{"line":149,"column":35}},"47":{"start":{"line":151,"column":3},"end":{"line":155,"column":5}},"48":{"start":{"line":160,"column":1},"end":{"line":268,"column":3}},"49":{"start":{"line":180,"column":34},"end":{"line":180,"column":45}},"50":{"start":{"line":182,"column":7},"end":{"line":189,"column":27}},"51":{"start":{"line":182,"column":41},"end":{"line":182,"column":74}},"52":{"start":{"line":221,"column":7},"end":{"line":231,"column":14}},"53":{"start":{"line":226,"column":23},"end":{"line":226,"column":45}},"54":{"start":{"line":243,"column":7},"end":{"line":253,"column":14}},"55":{"start":{"line":248,"column":23},"end":{"line":248,"column":45}}},"fnMap":{"0":{"name":"(anonymous_0)","decl":{"start":{"line":50,"column":36},"end":{"line":50,"column":37}},"loc":{"start":{"line":50,"column":42},"end":{"line":269,"column":1}},"line":50},"1":{"name":"(anonymous_1)","decl":{"start":{"line":64,"column":11},"end":{"line":64,"column":12}},"loc":{"start":{"line":64,"column":17},"end":{"line":68,"column":2}},"line":64},"2":{"name":"(anonymous_2)","decl":{"start":{"line":65,"column":28},"end":{"line":65,"column":29}},"loc":{"start":{"line":65,"column":42},"end":{"line":67,"column":3}},"line":65},"3":{"name":"(anonymous_3)","decl":{"start":{"line":70,"column":11},"end":{"line":70,"column":12}},"loc":{"start":{"line":70,"column":17},"end":{"line":80,"column":2}},"line":70},"4":{"name":"(anonymous_4)","decl":{"start":{"line":77,"column":10},"end":{"line":77,"column":11}},"loc":{"start":{"line":77,"column":24},"end":{"line":79,"column":3}},"line":77},"5":{"name":"(anonymous_5)","decl":{"start":{"line":82,"column":34},"end":{"line":82,"column":35}},"loc":{"start":{"line":82,"column":40},"end":{"line":84,"column":2}},"line":82},"6":{"name":"(anonymous_6)","decl":{"start":{"line":86,"column":42},"end":{"line":86,"column":43}},"loc":{"start":{"line":86,"column":66},"end":{"line":88,"column":2}},"line":86},"7":{"name":"(anonymous_7)","decl":{"start":{"line":90,"column":45},"end":{"line":90,"column":46}},"loc":{"start":{"line":90,"column":51},"end":{"line":92,"column":2}},"line":90},"8":{"name":"(anonymous_8)","decl":{"start":{"line":91,"column":20},"end":{"line":91,"column":21}},"loc":{"start":{"line":91,"column":31},"end":{"line":91,"column":37}},"line":91},"9":{"name":"(anonymous_9)","decl":{"start":{"line":95,"column":2},"end":{"line":95,"column":3}},"loc":{"start":{"line":95,"column":42},"end":{"line":103,"column":3}},"line":95},"10":{"name":"(anonymous_10)","decl":{"start":{"line":107,"column":38},"end":{"line":107,"column":39}},"loc":{"start":{"line":107,"column":56},"end":{"line":109,"column":2}},"line":107},"11":{"name":"(anonymous_11)","decl":{"start":{"line":111,"column":45},"end":{"line":111,"column":46}},"loc":{"start":{"line":111,"column":57},"end":{"line":132,"column":2}},"line":111},"12":{"name":"(anonymous_12)","decl":{"start":{"line":134,"column":37},"end":{"line":134,"column":38}},"loc":{"start":{"line":134,"column":43},"end":{"line":144,"column":2}},"line":134},"13":{"name":"(anonymous_13)","decl":{"start":{"line":136,"column":10},"end":{"line":136,"column":11}},"loc":{"start":{"line":136,"column":25},"end":{"line":136,"column":34}},"line":136},"14":{"name":"(anonymous_14)","decl":{"start":{"line":137,"column":7},"end":{"line":137,"column":8}},"loc":{"start":{"line":137,"column":32},"end":{"line":143,"column":3}},"line":137},"15":{"name":"(anonymous_15)","decl":{"start":{"line":147,"column":39},"end":{"line":147,"column":40}},"loc":{"start":{"line":147,"column":45},"end":{"line":157,"column":2}},"line":147},"16":{"name":"(anonymous_16)","decl":{"start":{"line":149,"column":10},"end":{"line":149,"column":11}},"loc":{"start":{"line":149,"column":25},"end":{"line":149,"column":35}},"line":149},"17":{"name":"(anonymous_17)","decl":{"start":{"line":150,"column":7},"end":{"line":150,"column":8}},"loc":{"start":{"line":150,"column":32},"end":{"line":156,"column":3}},"line":150},"18":{"name":"(anonymous_18)","decl":{"start":{"line":180,"column":20},"end":{"line":180,"column":21}},"loc":{"start":{"line":180,"column":34},"end":{"line":180,"column":45}},"line":180},"19":{"name":"(anonymous_19)","decl":{"start":{"line":181,"column":18},"end":{"line":181,"column":19}},"loc":{"start":{"line":182,"column":7},"end":{"line":189,"column":27}},"line":182},"20":{"name":"(anonymous_20)","decl":{"start":{"line":182,"column":35},"end":{"line":182,"column":36}},"loc":{"start":{"line":182,"column":41},"end":{"line":182,"column":74}},"line":182},"21":{"name":"(anonymous_21)","decl":{"start":{"line":220,"column":7},"end":{"line":220,"column":8}},"loc":{"start":{"line":221,"column":7},"end":{"line":231,"column":14}},"line":221},"22":{"name":"(anonymous_22)","decl":{"start":{"line":226,"column":17},"end":{"line":226,"column":18}},"loc":{"start":{"line":226,"column":23},"end":{"line":226,"column":45}},"line":226},"23":{"name":"(anonymous_23)","decl":{"start":{"line":242,"column":7},"end":{"line":242,"column":8}},"loc":{"start":{"line":243,"column":7},"end":{"line":253,"column":14}},"line":243},"24":{"name":"(anonymous_24)","decl":{"start":{"line":248,"column":17},"end":{"line":248,"column":18}},"loc":{"start":{"line":248,"column":23},"end":{"line":248,"column":45}},"line":248}},"branchMap":{"0":{"loc":{"start":{"line":96,"column":2},"end":{"line":98,"column":3}},"type":"if","locations":[{"start":{"line":96,"column":2},"end":{"line":98,"column":3}},{"start":{"line":96,"column":2},"end":{"line":98,"column":3}}],"line":96},"1":{"loc":{"start":{"line":100,"column":2},"end":{"line":102,"column":3}},"type":"if","locations":[{"start":{"line":100,"column":2},"end":{"line":102,"column":3}},{"start":{"line":100,"column":2},"end":{"line":102,"column":3}}],"line":100},"2":{"loc":{"start":{"line":201,"column":6},"end":{"line":209,"column":6}},"type":"binary-expr","locations":[{"start":{"line":201,"column":6},"end":{"line":201,"column":20}},{"start":{"line":202,"column":5},"end":{"line":208,"column":7}}],"line":201}},"s":{"0":0,"1":0,"2":0,"3":0,"4":0,"5":0,"6":0,"7":0,"8":0,"9":0,"10":0,"11":0,"12":0,"13":0,"14":0,"15":0,"16":0,"17":0,"18":0,"19":0,"20":0,"21":0,"22":0,"23":0,"24":0,"25":0,"26":0,"27":0,"28":0,"29":0,"30":0,"31":0,"32":0,"33":0,"34":0,"35":0,"36":0,"37":0,"38":0,"39":0,"40":0,"41":0,"42":0,"43":0,"44":0,"45":0,"46":0,"47":0,"48":0,"49":0,"50":0,"51":0,"52":0,"53":0,"54":0,"55":0},"f":{"0":0,"1":0,"2":0,"3":0,"4":0,"5":0,"6":0,"7":0,"8":0,"9":0,"10":0,"11":0,"12":0,"13":0,"14":0,"15":0,"16":0,"17":0,"18":0,"19":0,"20":0,"21":0,"22":0,"23":0,"24":0},"b":{"0":[0,0],"1":[0,0],"2":[0,0]},"hash":"85e17ded4a2ea9e5a0e1dde5f12738d7faec3d85"}
,"C:\\Trabalho\\Pes\\BootCamp\\V2\\Mobile\\appgobarber\\src\\pages\\Dashboard\\index.tsx": {"path":"C:\\Trabalho\\Pes\\BootCamp\\V2\\Mobile\\appgobarber\\src\\pages\\Dashboard\\index.tsx","statementMap":{"0":{"start":{"line":29,"column":28},"end":{"line":100,"column":1}},"1":{"start":{"line":30,"column":35},"end":{"line":30,"column":60}},"2":{"start":{"line":32,"column":27},"end":{"line":32,"column":36}},"3":{"start":{"line":33,"column":22},"end":{"line":33,"column":37}},"4":{"start":{"line":35,"column":27},"end":{"line":37,"column":15}},"5":{"start":{"line":36,"column":2},"end":{"line":36,"column":22}},"6":{"start":{"line":39,"column":37},"end":{"line":41,"column":15}},"7":{"start":{"line":40,"column":2},"end":{"line":40,"column":48}},"8":{"start":{"line":43,"column":1},"end":{"line":47,"column":8}},"9":{"start":{"line":44,"column":2},"end":{"line":46,"column":5}},"10":{"start":{"line":45,"column":3},"end":{"line":45,"column":31}},"11":{"start":{"line":52,"column":1},"end":{"line":99,"column":3}},"12":{"start":{"line":68,"column":32},"end":{"line":68,"column":43}},"13":{"start":{"line":76,"column":5},"end":{"line":94,"column":25}},"14":{"start":{"line":77,"column":21},"end":{"line":77,"column":61}}},"fnMap":{"0":{"name":"(anonymous_0)","decl":{"start":{"line":29,"column":28},"end":{"line":29,"column":29}},"loc":{"start":{"line":29,"column":34},"end":{"line":100,"column":1}},"line":29},"1":{"name":"(anonymous_1)","decl":{"start":{"line":35,"column":39},"end":{"line":35,"column":40}},"loc":{"start":{"line":35,"column":45},"end":{"line":37,"column":2}},"line":35},"2":{"name":"(anonymous_2)","decl":{"start":{"line":39,"column":49},"end":{"line":39,"column":50}},"loc":{"start":{"line":39,"column":73},"end":{"line":41,"column":2}},"line":39},"3":{"name":"(anonymous_3)","decl":{"start":{"line":43,"column":11},"end":{"line":43,"column":12}},"loc":{"start":{"line":43,"column":17},"end":{"line":47,"column":2}},"line":43},"4":{"name":"(anonymous_4)","decl":{"start":{"line":44,"column":28},"end":{"line":44,"column":29}},"loc":{"start":{"line":44,"column":42},"end":{"line":46,"column":3}},"line":44},"5":{"name":"(anonymous_5)","decl":{"start":{"line":68,"column":18},"end":{"line":68,"column":19}},"loc":{"start":{"line":68,"column":32},"end":{"line":68,"column":43}},"line":68},"6":{"name":"(anonymous_6)","decl":{"start":{"line":75,"column":16},"end":{"line":75,"column":17}},"loc":{"start":{"line":76,"column":5},"end":{"line":94,"column":25}},"line":76},"7":{"name":"(anonymous_7)","decl":{"start":{"line":77,"column":15},"end":{"line":77,"column":16}},"loc":{"start":{"line":77,"column":21},"end":{"line":77,"column":61}},"line":77}},"branchMap":{},"s":{"0":0,"1":0,"2":0,"3":0,"4":0,"5":0,"6":0,"7":0,"8":0,"9":0,"10":0,"11":0,"12":0,"13":0,"14":0},"f":{"0":0,"1":0,"2":0,"3":0,"4":0,"5":0,"6":0,"7":0},"b":{},"hash":"31570a0221ee8a20a42f18bd0e3e23e523271d4d"}
,"C:\\Trabalho\\Pes\\BootCamp\\V2\\Mobile\\appgobarber\\src\\pages\\Profile\\index.tsx": {"path":"C:\\Trabalho\\Pes\\BootCamp\\V2\\Mobile\\appgobarber\\src\\pages\\Profile\\index.tsx","statementMap":{"0":{"start":{"line":45,"column":25},"end":{"line":276,"column":1}},"1":{"start":{"line":46,"column":30},"end":{"line":46,"column":39}},"2":{"start":{"line":48,"column":17},"end":{"line":48,"column":42}},"3":{"start":{"line":49,"column":20},"end":{"line":49,"column":35}},"4":{"start":{"line":51,"column":23},"end":{"line":51,"column":46}},"5":{"start":{"line":52,"column":29},"end":{"line":52,"column":52}},"6":{"start":{"line":53,"column":29},"end":{"line":53,"column":52}},"7":{"start":{"line":54,"column":33},"end":{"line":54,"column":56}},"8":{"start":{"line":56,"column":22},"end":{"line":130,"column":28}},"9":{"start":{"line":58,"column":3},"end":{"line":129,"column":3}},"10":{"start":{"line":59,"column":4},"end":{"line":59,"column":35}},"11":{"start":{"line":61,"column":19},"end":{"line":81,"column":6}},"12":{"start":{"line":66,"column":17},"end":{"line":66,"column":29}},"13":{"start":{"line":76,"column":17},"end":{"line":76,"column":29}},"14":{"start":{"line":83,"column":4},"end":{"line":85,"column":7}},"15":{"start":{"line":93,"column":8},"end":{"line":93,"column":12}},"16":{"start":{"line":95,"column":22},"end":{"line":105,"column":5}},"17":{"start":{"line":108,"column":21},"end":{"line":108,"column":55}},"18":{"start":{"line":110,"column":4},"end":{"line":110,"column":30}},"19":{"start":{"line":112,"column":4},"end":{"line":112,"column":50}},"20":{"start":{"line":114,"column":4},"end":{"line":114,"column":22}},"21":{"start":{"line":117,"column":4},"end":{"line":124,"column":5}},"22":{"start":{"line":118,"column":20},"end":{"line":118,"column":44}},"23":{"start":{"line":120,"column":5},"end":{"line":120,"column":40}},"24":{"start":{"line":122,"column":5},"end":{"line":122,"column":12}},"25":{"start":{"line":126,"column":3},"end":{"line":128,"column":5}},"26":{"start":{"line":132,"column":28},"end":{"line":162,"column":26}},"27":{"start":{"line":133,"column":2},"end":{"line":161,"column":4}},"28":{"start":{"line":140,"column":3},"end":{"line":142,"column":4}},"29":{"start":{"line":141,"column":4},"end":{"line":141,"column":11}},"30":{"start":{"line":144,"column":3},"end":{"line":147,"column":4}},"31":{"start":{"line":145,"column":4},"end":{"line":145,"column":49}},"32":{"start":{"line":146,"column":4},"end":{"line":146,"column":11}},"33":{"start":{"line":149,"column":16},"end":{"line":149,"column":30}},"34":{"start":{"line":151,"column":3},"end":{"line":155,"column":6}},"35":{"start":{"line":157,"column":3},"end":{"line":159,"column":6}},"36":{"start":{"line":158,"column":4},"end":{"line":158,"column":33}},"37":{"start":{"line":164,"column":22},"end":{"line":166,"column":17}},"38":{"start":{"line":165,"column":2},"end":{"line":165,"column":22}},"39":{"start":{"line":168,"column":1},"end":{"line":275,"column":3}},"40":{"start":{"line":202,"column":8},"end":{"line":202,"column":38}},"41":{"start":{"line":216,"column":8},"end":{"line":216,"column":44}},"42":{"start":{"line":231,"column":8},"end":{"line":231,"column":44}},"43":{"start":{"line":245,"column":8},"end":{"line":245,"column":48}},"44":{"start":{"line":259,"column":8},"end":{"line":259,"column":37}},"45":{"start":{"line":263,"column":22},"end":{"line":263,"column":51}}},"fnMap":{"0":{"name":"(anonymous_0)","decl":{"start":{"line":45,"column":25},"end":{"line":45,"column":26}},"loc":{"start":{"line":45,"column":31},"end":{"line":276,"column":1}},"line":45},"1":{"name":"(anonymous_1)","decl":{"start":{"line":57,"column":2},"end":{"line":57,"column":3}},"loc":{"start":{"line":57,"column":35},"end":{"line":130,"column":2}},"line":57},"2":{"name":"(anonymous_2)","decl":{"start":{"line":66,"column":10},"end":{"line":66,"column":11}},"loc":{"start":{"line":66,"column":17},"end":{"line":66,"column":29}},"line":66},"3":{"name":"(anonymous_3)","decl":{"start":{"line":76,"column":10},"end":{"line":76,"column":11}},"loc":{"start":{"line":76,"column":17},"end":{"line":76,"column":29}},"line":76},"4":{"name":"(anonymous_4)","decl":{"start":{"line":132,"column":40},"end":{"line":132,"column":41}},"loc":{"start":{"line":132,"column":46},"end":{"line":162,"column":2}},"line":132},"5":{"name":"(anonymous_5)","decl":{"start":{"line":139,"column":2},"end":{"line":139,"column":3}},"loc":{"start":{"line":139,"column":16},"end":{"line":160,"column":3}},"line":139},"6":{"name":"(anonymous_6)","decl":{"start":{"line":157,"column":40},"end":{"line":157,"column":41}},"loc":{"start":{"line":157,"column":55},"end":{"line":159,"column":4}},"line":157},"7":{"name":"(anonymous_7)","decl":{"start":{"line":164,"column":34},"end":{"line":164,"column":35}},"loc":{"start":{"line":164,"column":40},"end":{"line":166,"column":2}},"line":164},"8":{"name":"(anonymous_8)","decl":{"start":{"line":201,"column":24},"end":{"line":201,"column":25}},"loc":{"start":{"line":201,"column":30},"end":{"line":203,"column":8}},"line":201},"9":{"name":"(anonymous_9)","decl":{"start":{"line":215,"column":24},"end":{"line":215,"column":25}},"loc":{"start":{"line":215,"column":30},"end":{"line":217,"column":8}},"line":215},"10":{"name":"(anonymous_10)","decl":{"start":{"line":230,"column":24},"end":{"line":230,"column":25}},"loc":{"start":{"line":230,"column":30},"end":{"line":232,"column":8}},"line":230},"11":{"name":"(anonymous_11)","decl":{"start":{"line":244,"column":24},"end":{"line":244,"column":25}},"loc":{"start":{"line":244,"column":30},"end":{"line":246,"column":8}},"line":244},"12":{"name":"(anonymous_12)","decl":{"start":{"line":258,"column":24},"end":{"line":258,"column":25}},"loc":{"start":{"line":259,"column":8},"end":{"line":259,"column":37}},"line":259},"13":{"name":"(anonymous_13)","decl":{"start":{"line":263,"column":16},"end":{"line":263,"column":17}},"loc":{"start":{"line":263,"column":22},"end":{"line":263,"column":51}},"line":263}},"branchMap":{"0":{"loc":{"start":{"line":98,"column":9},"end":{"line":104,"column":10}},"type":"cond-expr","locations":[{"start":{"line":99,"column":8},"end":{"line":103,"column":8}},{"start":{"line":104,"column":8},"end":{"line":104,"column":10}}],"line":98},"1":{"loc":{"start":{"line":117,"column":4},"end":{"line":124,"column":5}},"type":"if","locations":[{"start":{"line":117,"column":4},"end":{"line":124,"column":5}},{"start":{"line":117,"column":4},"end":{"line":124,"column":5}}],"line":117},"2":{"loc":{"start":{"line":140,"column":3},"end":{"line":142,"column":4}},"type":"if","locations":[{"start":{"line":140,"column":3},"end":{"line":142,"column":4}},{"start":{"line":140,"column":3},"end":{"line":142,"column":4}}],"line":140},"3":{"loc":{"start":{"line":144,"column":3},"end":{"line":147,"column":4}},"type":"if","locations":[{"start":{"line":144,"column":3},"end":{"line":147,"column":4}},{"start":{"line":144,"column":3},"end":{"line":147,"column":4}}],"line":144},"4":{"loc":{"start":{"line":172,"column":13},"end":{"line":172,"column":58}},"type":"cond-expr","locations":[{"start":{"line":172,"column":37},"end":{"line":172,"column":46}},{"start":{"line":172,"column":49},"end":{"line":172,"column":58}}],"line":172}},"s":{"0":0,"1":0,"2":0,"3":0,"4":0,"5":0,"6":0,"7":0,"8":0,"9":0,"10":0,"11":0,"12":0,"13":0,"14":0,"15":0,"16":0,"17":0,"18":0,"19":0,"20":0,"21":0,"22":0,"23":0,"24":0,"25":0,"26":0,"27":0,"28":0,"29":0,"30":0,"31":0,"32":0,"33":0,"34":0,"35":0,"36":0,"37":0,"38":0,"39":0,"40":0,"41":0,"42":0,"43":0,"44":0,"45":0},"f":{"0":0,"1":0,"2":0,"3":0,"4":0,"5":0,"6":0,"7":0,"8":0,"9":0,"10":0,"11":0,"12":0,"13":0},"b":{"0":[0,0],"1":[0,0],"2":[0,0],"3":[0,0],"4":[0,0]},"hash":"a4a7cb93774105e4570c68ccb063ab5319d89d2a"}
,"C:\\Trabalho\\Pes\\BootCamp\\V2\\Mobile\\appgobarber\\src\\pages\\SignIn\\index.tsx": {"path":"C:\\Trabalho\\Pes\\BootCamp\\V2\\Mobile\\appgobarber\\src\\pages\\SignIn\\index.tsx","statementMap":{"0":{"start":{"line":41,"column":25},"end":{"line":160,"column":1}},"1":{"start":{"line":42,"column":17},"end":{"line":42,"column":42}},"2":{"start":{"line":43,"column":26},"end":{"line":43,"column":49}},"3":{"start":{"line":45,"column":20},"end":{"line":45,"column":35}},"4":{"start":{"line":47,"column":26},"end":{"line":47,"column":35}},"5":{"start":{"line":49,"column":1},"end":{"line":49,"column":19}},"6":{"start":{"line":53,"column":22},"end":{"line":91,"column":2}},"7":{"start":{"line":55,"column":3},"end":{"line":88,"column":4}},"8":{"start":{"line":56,"column":4},"end":{"line":56,"column":35}},"9":{"start":{"line":58,"column":19},"end":{"line":62,"column":6}},"10":{"start":{"line":64,"column":4},"end":{"line":66,"column":7}},"11":{"start":{"line":68,"column":4},"end":{"line":71,"column":7}},"12":{"start":{"line":75,"column":4},"end":{"line":82,"column":5}},"13":{"start":{"line":76,"column":20},"end":{"line":76,"column":44}},"14":{"start":{"line":78,"column":5},"end":{"line":78,"column":40}},"15":{"start":{"line":80,"column":5},"end":{"line":80,"column":12}},"16":{"start":{"line":84,"column":4},"end":{"line":86,"column":6}},"17":{"start":{"line":93,"column":1},"end":{"line":159,"column":3}},"18":{"start":{"line":122,"column":8},"end":{"line":122,"column":42}},"19":{"start":{"line":134,"column":8},"end":{"line":134,"column":38}},"20":{"start":{"line":140,"column":8},"end":{"line":140,"column":38}},"21":{"start":{"line":153,"column":39},"end":{"line":153,"column":68}}},"fnMap":{"0":{"name":"(anonymous_0)","decl":{"start":{"line":41,"column":25},"end":{"line":41,"column":26}},"loc":{"start":{"line":41,"column":31},"end":{"line":160,"column":1}},"line":41},"1":{"name":"(anonymous_1)","decl":{"start":{"line":54,"column":2},"end":{"line":54,"column":3}},"loc":{"start":{"line":54,"column":34},"end":{"line":89,"column":3}},"line":54},"2":{"name":"(anonymous_2)","decl":{"start":{"line":121,"column":24},"end":{"line":121,"column":25}},"loc":{"start":{"line":121,"column":30},"end":{"line":123,"column":8}},"line":121},"3":{"name":"(anonymous_3)","decl":{"start":{"line":133,"column":24},"end":{"line":133,"column":25}},"loc":{"start":{"line":133,"column":30},"end":{"line":135,"column":8}},"line":133},"4":{"name":"(anonymous_4)","decl":{"start":{"line":139,"column":16},"end":{"line":139,"column":17}},"loc":{"start":{"line":139,"column":22},"end":{"line":141,"column":8}},"line":139},"5":{"name":"(anonymous_5)","decl":{"start":{"line":146,"column":31},"end":{"line":146,"column":32}},"loc":{"start":{"line":146,"column":37},"end":{"line":146,"column":39}},"line":146},"6":{"name":"(anonymous_6)","decl":{"start":{"line":153,"column":33},"end":{"line":153,"column":34}},"loc":{"start":{"line":153,"column":39},"end":{"line":153,"column":68}},"line":153}},"branchMap":{"0":{"loc":{"start":{"line":75,"column":4},"end":{"line":82,"column":5}},"type":"if","locations":[{"start":{"line":75,"column":4},"end":{"line":82,"column":5}},{"start":{"line":75,"column":4},"end":{"line":82,"column":5}}],"line":75},"1":{"loc":{"start":{"line":97,"column":13},"end":{"line":97,"column":58}},"type":"cond-expr","locations":[{"start":{"line":97,"column":37},"end":{"line":97,"column":46}},{"start":{"line":97,"column":49},"end":{"line":97,"column":58}}],"line":97}},"s":{"0":1,"1":1,"2":1,"3":1,"4":1,"5":1,"6":1,"7":0,"8":0,"9":0,"10":0,"11":0,"12":0,"13":0,"14":0,"15":0,"16":0,"17":1,"18":0,"19":0,"20":0,"21":0},"f":{"0":1,"1":0,"2":0,"3":0,"4":0,"5":0,"6":0},"b":{"0":[0,0],"1":[1,0]},"_coverageSchema":"43e27e138ebf9cfc5966b082cf9a028302ed4184","hash":"01af14e5726047b5b5d4caf960ced0b73d3f3804"}
,"C:\\Trabalho\\Pes\\BootCamp\\V2\\Mobile\\appgobarber\\src\\pages\\SignUp\\index.tsx": {"path":"C:\\Trabalho\\Pes\\BootCamp\\V2\\Mobile\\appgobarber\\src\\pages\\SignUp\\index.tsx","statementMap":{"0":{"start":{"line":40,"column":25},"end":{"line":166,"column":1}},"1":{"start":{"line":41,"column":17},"end":{"line":41,"column":42}},"2":{"start":{"line":42,"column":20},"end":{"line":42,"column":35}},"3":{"start":{"line":44,"column":23},"end":{"line":44,"column":46}},"4":{"start":{"line":45,"column":26},"end":{"line":45,"column":49}},"5":{"start":{"line":47,"column":22},"end":{"line":89,"column":25}},"6":{"start":{"line":48,"column":2},"end":{"line":88,"column":3}},"7":{"start":{"line":49,"column":3},"end":{"line":49,"column":34}},"8":{"start":{"line":51,"column":18},"end":{"line":61,"column":5}},"9":{"start":{"line":63,"column":3},"end":{"line":65,"column":6}},"10":{"start":{"line":67,"column":3},"end":{"line":67,"column":34}},"11":{"start":{"line":69,"column":3},"end":{"line":71,"column":5}},"12":{"start":{"line":73,"column":3},"end":{"line":73,"column":21}},"13":{"start":{"line":76,"column":3},"end":{"line":83,"column":4}},"14":{"start":{"line":77,"column":19},"end":{"line":77,"column":43}},"15":{"start":{"line":79,"column":4},"end":{"line":79,"column":39}},"16":{"start":{"line":81,"column":4},"end":{"line":81,"column":11}},"17":{"start":{"line":85,"column":3},"end":{"line":87,"column":5}},"18":{"start":{"line":91,"column":1},"end":{"line":165,"column":3}},"19":{"start":{"line":118,"column":8},"end":{"line":118,"column":38}},"20":{"start":{"line":132,"column":8},"end":{"line":132,"column":41}},"21":{"start":{"line":145,"column":8},"end":{"line":145,"column":37}},"22":{"start":{"line":149,"column":22},"end":{"line":149,"column":51}},"23":{"start":{"line":159,"column":32},"end":{"line":159,"column":51}}},"fnMap":{"0":{"name":"(anonymous_0)","decl":{"start":{"line":40,"column":25},"end":{"line":40,"column":26}},"loc":{"start":{"line":40,"column":31},"end":{"line":166,"column":1}},"line":40},"1":{"name":"(anonymous_1)","decl":{"start":{"line":47,"column":34},"end":{"line":47,"column":35}},"loc":{"start":{"line":47,"column":66},"end":{"line":89,"column":2}},"line":47},"2":{"name":"(anonymous_2)","decl":{"start":{"line":117,"column":24},"end":{"line":117,"column":25}},"loc":{"start":{"line":117,"column":30},"end":{"line":119,"column":8}},"line":117},"3":{"name":"(anonymous_3)","decl":{"start":{"line":131,"column":24},"end":{"line":131,"column":25}},"loc":{"start":{"line":131,"column":30},"end":{"line":133,"column":8}},"line":131},"4":{"name":"(anonymous_4)","decl":{"start":{"line":144,"column":24},"end":{"line":144,"column":25}},"loc":{"start":{"line":145,"column":8},"end":{"line":145,"column":37}},"line":145},"5":{"name":"(anonymous_5)","decl":{"start":{"line":149,"column":16},"end":{"line":149,"column":17}},"loc":{"start":{"line":149,"column":22},"end":{"line":149,"column":51}},"line":149},"6":{"name":"(anonymous_6)","decl":{"start":{"line":159,"column":26},"end":{"line":159,"column":27}},"loc":{"start":{"line":159,"column":32},"end":{"line":159,"column":51}},"line":159}},"branchMap":{"0":{"loc":{"start":{"line":76,"column":3},"end":{"line":83,"column":4}},"type":"if","locations":[{"start":{"line":76,"column":3},"end":{"line":83,"column":4}},{"start":{"line":76,"column":3},"end":{"line":83,"column":4}}],"line":76},"1":{"loc":{"start":{"line":95,"column":13},"end":{"line":95,"column":58}},"type":"cond-expr","locations":[{"start":{"line":95,"column":37},"end":{"line":95,"column":46}},{"start":{"line":95,"column":49},"end":{"line":95,"column":58}}],"line":95}},"s":{"0":0,"1":0,"2":0,"3":0,"4":0,"5":0,"6":0,"7":0,"8":0,"9":0,"10":0,"11":0,"12":0,"13":0,"14":0,"15":0,"16":0,"17":0,"18":0,"19":0,"20":0,"21":0,"22":0,"23":0},"f":{"0":0,"1":0,"2":0,"3":0,"4":0,"5":0,"6":0},"b":{"0":[0,0],"1":[0,0]},"hash":"80a813f253bb98d6e01b25f010365ad178fb11af"}
}
